<?xml version="1.0" encoding="UTF-8"?>
<testng-results skipped="0" failed="0" ignored="0" total="1" passed="1">
  <reporter-output>
  </reporter-output>
  <suite name="Suite" duration-ms="3969" started-at="2020-01-31T12:32:48 IST" finished-at="2020-01-31T12:32:52 IST">
    <groups>
    </groups>
    <test name="Test" duration-ms="3969" started-at="2020-01-31T12:32:48 IST" finished-at="2020-01-31T12:32:52 IST">
      <class name="GET.RestAssuredGET">
        <test-method status="PASS" signature="getDetails()[pri:0, instance:GET.RestAssuredGET@6767c1fc]" name="getDetails" duration-ms="3900" started-at="2020-01-31T12:32:48 IST" finished-at="2020-01-31T12:32:52 IST">
          <reporter-output>
          </reporter-output>
        </test-method> <!-- getDetails -->
      </class> <!-- GET.RestAssuredGET -->
    </test> <!-- Test -->
  </suite> <!-- Suite -->
</testng-results>
